Copyright 1986-2022 Xilinx, Inc. All Rights Reserved. Copyright 2022-2025 Advanced Micro Devices, Inc. All Rights Reserved.
---------------------------------------------------------------------------------------------------------------------------------------------------------------------------------------------------------------------
| Tool Version : Vivado v.2025.2 (win64) Build 6299465 Fri Nov 14 19:35:11 GMT 2025
| Date         : Thu May  7 01:10:23 2026
| Host         : haya6174 running 64-bit major release  (build 9200)
| Command      : report_timing_summary -max_paths 10 -routable_nets -report_unconstrained -file cpu_timing_summary_routed.rpt -pb cpu_timing_summary_routed.pb -rpx cpu_timing_summary_routed.rpx -warn_on_violation
| Design       : cpu
| Device       : 7a200t-sbg484
| Speed File   : -1  PRODUCTION 1.23 2018-06-13
| Design State : Routed
---------------------------------------------------------------------------------------------------------------------------------------------------------------------------------------------------------------------

Timing Summary Report

------------------------------------------------------------------------------------------------
| Timer Settings
| --------------
------------------------------------------------------------------------------------------------

  Enable Multi Corner Analysis               :  Yes
  Enable Pessimism Removal                   :  Yes
  Pessimism Removal Resolution               :  Nearest Common Node
  Enable Input Delay Default Clock           :  No
  Enable Preset / Clear Arcs                 :  No
  Disable Flight Delays                      :  No
  Ignore I/O Paths                           :  No
  Timing Early Launch at Borrowing Latches   :  No
  Borrow Time for Max Delay Exceptions       :  Yes
  Merge Timing Exceptions                    :  Yes
  Inter-SLR Compensation                     :  Conservative

  Corner  Analyze    Analyze    
  Name    Max Paths  Min Paths  
  ------  ---------  ---------  
  Slow    Yes        Yes        
  Fast    Yes        Yes        


------------------------------------------------------------------------------------------------
| Report Methodology
| ------------------
------------------------------------------------------------------------------------------------

Rule       Severity          Description                  Violations  
---------  ----------------  ---------------------------  ----------  
TIMING-17  Critical Warning  Non-clocked sequential cell  180         

Note: This report is based on the most recent report_methodology run and may not be up-to-date. Run report_methodology on the current design for the latest report.



check_timing report

Table of Contents
-----------------
1. checking no_clock (180)
2. checking constant_clock (0)
3. checking pulse_width_clock (0)
4. checking unconstrained_internal_endpoints (437)
5. checking no_input_delay (1)
6. checking no_output_delay (36)
7. checking multiple_clock (0)
8. checking generated_clocks (0)
9. checking loops (0)
10. checking partial_input_delay (0)
11. checking partial_output_delay (0)
12. checking latch_loops (0)

1. checking no_clock (180)
--------------------------
 There are 180 register/latch pins with no clock driven by root clock pin: I_clk (HIGH)


2. checking constant_clock (0)
------------------------------
 There are 0 register/latch pins with constant_clock.


3. checking pulse_width_clock (0)
---------------------------------
 There are 0 register/latch pins which need pulse_width check


4. checking unconstrained_internal_endpoints (437)
--------------------------------------------------
 There are 437 pins that are not constrained for maximum delay. (HIGH)

 There are 0 pins that are not constrained for maximum delay due to constant clock.


5. checking no_input_delay (1)
------------------------------
 There is 1 input port with no input delay specified. (HIGH)

 There are 0 input ports with no input delay but user has a false path constraint.


6. checking no_output_delay (36)
--------------------------------
 There are 36 ports with no output delay specified. (HIGH)

 There are 0 ports with no output delay but user has a false path constraint

 There are 0 ports with no output delay but with a timing clock defined on it or propagating through it


7. checking multiple_clock (0)
------------------------------
 There are 0 register/latch pins with multiple clocks.


8. checking generated_clocks (0)
--------------------------------
 There are 0 generated clocks that are not connected to a clock source.


9. checking loops (0)
---------------------
 There are 0 combinational loops in the design.


10. checking partial_input_delay (0)
------------------------------------
 There are 0 input ports with partial input delay specified.


11. checking partial_output_delay (0)
-------------------------------------
 There are 0 ports with partial output delay specified.


12. checking latch_loops (0)
----------------------------
 There are 0 combinational latch loops in the design through latch input



------------------------------------------------------------------------------------------------
| Design Timing Summary
| ---------------------
------------------------------------------------------------------------------------------------

    WNS(ns)      TNS(ns)  TNS Failing Endpoints  TNS Total Endpoints      WHS(ns)      THS(ns)  THS Failing Endpoints  THS Total Endpoints     WPWS(ns)     TPWS(ns)  TPWS Failing Endpoints  TPWS Total Endpoints  
    -------      -------  ---------------------  -------------------      -------      -------  ---------------------  -------------------     --------     --------  ----------------------  --------------------  
        inf        0.000                      0                  473          inf        0.000                      0                  473           NA           NA                      NA                    NA  


There are no user specified timing constraints.


------------------------------------------------------------------------------------------------
| Clock Summary
| -------------
------------------------------------------------------------------------------------------------


------------------------------------------------------------------------------------------------
| Intra Clock Table
| -----------------
------------------------------------------------------------------------------------------------

Clock             WNS(ns)      TNS(ns)  TNS Failing Endpoints  TNS Total Endpoints      WHS(ns)      THS(ns)  THS Failing Endpoints  THS Total Endpoints     WPWS(ns)     TPWS(ns)  TPWS Failing Endpoints  TPWS Total Endpoints  
-----             -------      -------  ---------------------  -------------------      -------      -------  ---------------------  -------------------     --------     --------  ----------------------  --------------------  


------------------------------------------------------------------------------------------------
| Inter Clock Table
| -----------------
------------------------------------------------------------------------------------------------

From Clock    To Clock          WNS(ns)      TNS(ns)  TNS Failing Endpoints  TNS Total Endpoints      WHS(ns)      THS(ns)  THS Failing Endpoints  THS Total Endpoints  
----------    --------          -------      -------  ---------------------  -------------------      -------      -------  ---------------------  -------------------  


------------------------------------------------------------------------------------------------
| Other Path Groups Table
| -----------------------
------------------------------------------------------------------------------------------------

Path Group    From Clock    To Clock          WNS(ns)      TNS(ns)  TNS Failing Endpoints  TNS Total Endpoints      WHS(ns)      THS(ns)  THS Failing Endpoints  THS Total Endpoints  
----------    ----------    --------          -------      -------  ---------------------  -------------------      -------      -------  ---------------------  -------------------  


------------------------------------------------------------------------------------------------
| User Ignored Path Table
| -----------------------
------------------------------------------------------------------------------------------------

Path Group    From Clock    To Clock    
----------    ----------    --------    


------------------------------------------------------------------------------------------------
| Unconstrained Path Table
| ------------------------
------------------------------------------------------------------------------------------------

Path Group    From Clock    To Clock    
----------    ----------    --------    
(none)                                    


------------------------------------------------------------------------------------------------
| Timing Details
| --------------
------------------------------------------------------------------------------------------------


--------------------------------------------------------------------------------------
Path Group:  (none)
From Clock:  
  To Clock:  

Max Delay           473 Endpoints
Min Delay           473 Endpoints
--------------------------------------------------------------------------------------


Max Delay Paths
--------------------------------------------------------------------------------------
Slack:                    inf
  Source:                 r0/O_dataB_reg[0]/C
                            (rising edge-triggered cell FDRE)
  Destination:            a0/O_dataResult_reg[11]/D
  Path Group:             (none)
  Path Type:              Max at Slow Process Corner
  Data Path Delay:        9.996ns  (logic 2.832ns (28.332%)  route 7.164ns (71.668%))
  Logic Levels:           10  (CARRY4=1 FDRE=1 LUT5=5 LUT6=3)

    Location             Delay type                Incr(ns)  Path(ns)    Netlist Resource(s)
  -------------------------------------------------------------------    -------------------
    SLICE_X2Y117         FDRE                         0.000     0.000 r  r0/O_dataB_reg[0]/C
    SLICE_X2Y117         FDRE (Prop_fdre_C_Q)         0.478     0.478 r  r0/O_dataB_reg[0]/Q
                         net (fo=25, routed)          0.941     1.419    r0/O_dataB[0]
    SLICE_X4Y120         CARRY4 (Prop_carry4_S[0]_O[1])
                                                      0.719     2.138 r  r0/O_dataResult_reg[0]_i_7/O[1]
                         net (fo=3, routed)           0.811     2.949    r0/O_dataResult_reg[0]_i_7_n_6
    SLICE_X4Y119         LUT6 (Prop_lut6_I2_O)        0.303     3.252 r  r0/O_dataResult[4]_i_10/O
                         net (fo=4, routed)           0.829     4.080    r0/a0/sub0/c_temp_3
    SLICE_X4Y118         LUT5 (Prop_lut5_I4_O)        0.152     4.232 r  r0/O_dataResult[6]_i_10/O
                         net (fo=3, routed)           0.673     4.905    r0/a0/sub0/c_temp_5
    SLICE_X6Y119         LUT5 (Prop_lut5_I4_O)        0.356     5.261 r  r0/O_dataResult[8]_i_9/O
                         net (fo=3, routed)           0.811     6.072    r0/a0/sub0/c_temp_7
    SLICE_X5Y119         LUT5 (Prop_lut5_I4_O)        0.328     6.400 r  r0/O_dataResult[10]_i_9/O
                         net (fo=3, routed)           0.792     7.191    r0/a0/sub0/c_temp_9
    SLICE_X5Y123         LUT5 (Prop_lut5_I4_O)        0.124     7.315 r  r0/O_dataResult[12]_i_10/O
                         net (fo=2, routed)           0.595     7.910    r0/a0/sub0/c_temp_11
    SLICE_X4Y124         LUT6 (Prop_lut6_I1_O)        0.124     8.034 r  r0/O_dataResult[11]_i_5/O
                         net (fo=1, routed)           1.039     9.074    r0/O_dataResult[11]_i_5_n_0
    SLICE_X4Y125         LUT5 (Prop_lut5_I4_O)        0.124     9.198 r  r0/O_dataResult[11]_i_3/O
                         net (fo=1, routed)           0.674     9.872    i0/O_dataResult_reg[11]
    SLICE_X4Y125         LUT6 (Prop_lut6_I1_O)        0.124     9.996 r  i0/O_dataResult[11]_i_1/O
                         net (fo=1, routed)           0.000     9.996    a0/D[11]
    SLICE_X4Y125         FDRE                                         r  a0/O_dataResult_reg[11]/D
  -------------------------------------------------------------------    -------------------

Slack:                    inf
  Source:                 r0/O_dataB_reg[0]/C
                            (rising edge-triggered cell FDRE)
  Destination:            a0/O_dataResult_reg[14]/D
  Path Group:             (none)
  Path Type:              Max at Slow Process Corner
  Data Path Delay:        9.532ns  (logic 3.040ns (31.892%)  route 6.492ns (68.108%))
  Logic Levels:           11  (CARRY4=2 FDRE=1 LUT2=1 LUT5=2 LUT6=5)

    Location             Delay type                Incr(ns)  Path(ns)    Netlist Resource(s)
  -------------------------------------------------------------------    -------------------
    SLICE_X2Y117         FDRE                         0.000     0.000 r  r0/O_dataB_reg[0]/C
    SLICE_X2Y117         FDRE (Prop_fdre_C_Q)         0.478     0.478 r  r0/O_dataB_reg[0]/Q
                         net (fo=25, routed)          0.941     1.419    r0/O_dataB[0]
    SLICE_X4Y120         CARRY4 (Prop_carry4_S[0]_CO[3])
                                                      0.827     2.246 r  r0/O_dataResult_reg[0]_i_7/CO[3]
                         net (fo=1, routed)           0.000     2.246    r0/O_dataResult_reg[0]_i_7_n_0
    SLICE_X4Y121         CARRY4 (Prop_carry4_CI_O[1])
                                                      0.334     2.580 r  r0/O_dataResult_reg[8]_i_10/O[1]
                         net (fo=5, routed)           0.840     3.420    r0/O_dataResult_reg[8]_i_10_n_6
    SLICE_X4Y119         LUT2 (Prop_lut2_I0_O)        0.331     3.751 r  r0/O_dataResult[15]_i_29/O
                         net (fo=1, routed)           0.441     4.191    r0/a0/sub0/genblk1[5].f/s_temp
    SLICE_X4Y119         LUT6 (Prop_lut6_I5_O)        0.326     4.517 r  r0/O_dataResult[15]_i_28/O
                         net (fo=1, routed)           0.159     4.676    r0/a0/sub0/genblk1[5].f/c_temp1
    SLICE_X4Y119         LUT6 (Prop_lut6_I5_O)        0.124     4.800 r  r0/O_dataResult[15]_i_25/O
                         net (fo=2, routed)           0.301     5.101    r0/a0/sub0/c_temp_8
    SLICE_X5Y120         LUT5 (Prop_lut5_I4_O)        0.124     5.225 r  r0/O_dataResult[14]_i_17/O
                         net (fo=1, routed)           0.943     6.168    r0/a0/sub0/c_temp_10
    SLICE_X5Y124         LUT5 (Prop_lut5_I4_O)        0.124     6.292 r  r0/O_dataResult[14]_i_11/O
                         net (fo=2, routed)           1.030     7.322    r0/a0/sub0/c_temp_12
    SLICE_X4Y125         LUT6 (Prop_lut6_I1_O)        0.124     7.446 r  r0/O_dataResult[14]_i_5/O
                         net (fo=1, routed)           0.822     8.269    r0/a0/s_s[14]
    SLICE_X3Y126         LUT6 (Prop_lut6_I1_O)        0.124     8.393 r  r0/O_dataResult[14]_i_3/O
                         net (fo=1, routed)           1.016     9.408    i0/O_dataResult_reg[14]
    SLICE_X3Y124         LUT6 (Prop_lut6_I1_O)        0.124     9.532 r  i0/O_dataResult[14]_i_1/O
                         net (fo=1, routed)           0.000     9.532    a0/D[14]
    SLICE_X3Y124         FDRE                                         r  a0/O_dataResult_reg[14]/D
  -------------------------------------------------------------------    -------------------

Slack:                    inf
  Source:                 r0/O_dataB_reg[0]/C
                            (rising edge-triggered cell FDRE)
  Destination:            a0/O_dataResult_reg[12]/D
  Path Group:             (none)
  Path Type:              Max at Slow Process Corner
  Data Path Delay:        9.472ns  (logic 2.832ns (29.898%)  route 6.640ns (70.102%))
  Logic Levels:           10  (CARRY4=1 FDRE=1 LUT5=5 LUT6=3)

    Location             Delay type                Incr(ns)  Path(ns)    Netlist Resource(s)
  -------------------------------------------------------------------    -------------------
    SLICE_X2Y117         FDRE                         0.000     0.000 r  r0/O_dataB_reg[0]/C
    SLICE_X2Y117         FDRE (Prop_fdre_C_Q)         0.478     0.478 r  r0/O_dataB_reg[0]/Q
                         net (fo=25, routed)          0.941     1.419    r0/O_dataB[0]
    SLICE_X4Y120         CARRY4 (Prop_carry4_S[0]_O[1])
                                                      0.719     2.138 r  r0/O_dataResult_reg[0]_i_7/O[1]
                         net (fo=3, routed)           0.811     2.949    r0/O_dataResult_reg[0]_i_7_n_6
    SLICE_X4Y119         LUT6 (Prop_lut6_I2_O)        0.303     3.252 r  r0/O_dataResult[4]_i_10/O
                         net (fo=4, routed)           0.829     4.080    r0/a0/sub0/c_temp_3
    SLICE_X4Y118         LUT5 (Prop_lut5_I4_O)        0.152     4.232 r  r0/O_dataResult[6]_i_10/O
                         net (fo=3, routed)           0.673     4.905    r0/a0/sub0/c_temp_5
    SLICE_X6Y119         LUT5 (Prop_lut5_I4_O)        0.356     5.261 r  r0/O_dataResult[8]_i_9/O
                         net (fo=3, routed)           0.811     6.072    r0/a0/sub0/c_temp_7
    SLICE_X5Y119         LUT5 (Prop_lut5_I4_O)        0.328     6.400 r  r0/O_dataResult[10]_i_9/O
                         net (fo=3, routed)           0.792     7.191    r0/a0/sub0/c_temp_9
    SLICE_X5Y123         LUT5 (Prop_lut5_I4_O)        0.124     7.315 r  r0/O_dataResult[12]_i_10/O
                         net (fo=2, routed)           0.312     7.628    r0/a0/sub0/c_temp_11
    SLICE_X4Y124         LUT5 (Prop_lut5_I2_O)        0.124     7.752 r  r0/O_dataResult[12]_i_5/O
                         net (fo=1, routed)           0.807     8.559    r0/a0/s_s[12]
    SLICE_X3Y124         LUT6 (Prop_lut6_I1_O)        0.124     8.683 r  r0/O_dataResult[12]_i_3/O
                         net (fo=1, routed)           0.665     9.348    i0/O_dataResult_reg[12]
    SLICE_X3Y124         LUT6 (Prop_lut6_I1_O)        0.124     9.472 r  i0/O_dataResult[12]_i_1/O
                         net (fo=1, routed)           0.000     9.472    a0/D[12]
    SLICE_X3Y124         FDRE                                         r  a0/O_dataResult_reg[12]/D
  -------------------------------------------------------------------    -------------------

Slack:                    inf
  Source:                 r0/O_dataA_reg[2]/C
                            (rising edge-triggered cell FDRE)
  Destination:            a0/O_dataResult_reg[9]/D
  Path Group:             (none)
  Path Type:              Max at Slow Process Corner
  Data Path Delay:        9.433ns  (logic 1.399ns (14.831%)  route 8.034ns (85.169%))
  Logic Levels:           7  (FDRE=1 LUT6=6)

    Location             Delay type                Incr(ns)  Path(ns)    Netlist Resource(s)
  -------------------------------------------------------------------    -------------------
    SLICE_X2Y118         FDRE                         0.000     0.000 r  r0/O_dataA_reg[2]/C
    SLICE_X2Y118         FDRE (Prop_fdre_C_Q)         0.478     0.478 r  r0/O_dataA_reg[2]/Q
                         net (fo=75, routed)          4.196     4.674    r0/O_dataA[2]
    SLICE_X11Y124        LUT6 (Prop_lut6_I0_O)        0.301     4.975 r  r0/O_dataResult[10]_i_14/O
                         net (fo=2, routed)           0.806     5.781    r0/O_dataResult[10]_i_14_n_0
    SLICE_X9Y124         LUT6 (Prop_lut6_I4_O)        0.124     5.905 f  r0/O_dataResult[9]_i_8/O
                         net (fo=1, routed)           0.526     6.431    r0/O_dataResult[9]_i_8_n_0
    SLICE_X8Y124         LUT6 (Prop_lut6_I0_O)        0.124     6.555 r  r0/O_dataResult[9]_i_6/O
                         net (fo=1, routed)           0.666     7.221    i0/data9[8]
    SLICE_X8Y124         LUT6 (Prop_lut6_I0_O)        0.124     7.345 r  i0/O_dataResult[9]_i_4/O
                         net (fo=1, routed)           0.794     8.139    i0/O_dataResult[9]_i_4_n_0
    SLICE_X8Y123         LUT6 (Prop_lut6_I0_O)        0.124     8.263 r  i0/O_dataResult[9]_i_2/O
                         net (fo=1, routed)           1.045     9.309    i0/O_dataResult[9]_i_2_n_0
    SLICE_X3Y123         LUT6 (Prop_lut6_I0_O)        0.124     9.433 r  i0/O_dataResult[9]_i_1/O
                         net (fo=1, routed)           0.000     9.433    a0/D[9]
    SLICE_X3Y123         FDRE                                         r  a0/O_dataResult_reg[9]/D
  -------------------------------------------------------------------    -------------------

Slack:                    inf
  Source:                 r0/O_dataA_reg[3]/C
                            (rising edge-triggered cell FDRE)
  Destination:            a0/O_dataResult_reg[6]/D
  Path Group:             (none)
  Path Type:              Max at Slow Process Corner
  Data Path Delay:        9.398ns  (logic 1.614ns (17.174%)  route 7.784ns (82.826%))
  Logic Levels:           8  (FDRE=1 LUT3=1 LUT5=1 LUT6=5)

    Location             Delay type                Incr(ns)  Path(ns)    Netlist Resource(s)
  -------------------------------------------------------------------    -------------------
    SLICE_X2Y118         FDRE                         0.000     0.000 r  r0/O_dataA_reg[3]/C
    SLICE_X2Y118         FDRE (Prop_fdre_C_Q)         0.518     0.518 r  r0/O_dataA_reg[3]/Q
                         net (fo=82, routed)          3.213     3.731    r0/O_dataA[3]
    SLICE_X11Y122        LUT5 (Prop_lut5_I3_O)        0.124     3.855 r  r0/O_dataResult[9]_i_13/O
                         net (fo=2, routed)           0.742     4.597    r0/O_dataResult[9]_i_13_n_0
    SLICE_X10Y122        LUT3 (Prop_lut3_I0_O)        0.148     4.745 r  r0/O_dataResult[7]_i_12/O
                         net (fo=2, routed)           0.979     5.724    r0/O_dataResult[7]_i_12_n_0
    SLICE_X9Y120         LUT6 (Prop_lut6_I4_O)        0.328     6.052 f  r0/O_dataResult[6]_i_12/O
                         net (fo=1, routed)           0.669     6.721    r0/O_dataResult[6]_i_12_n_0
    SLICE_X8Y120         LUT6 (Prop_lut6_I0_O)        0.124     6.845 r  r0/O_dataResult[6]_i_8/O
                         net (fo=1, routed)           0.667     7.513    i0/data9[5]
    SLICE_X8Y118         LUT6 (Prop_lut6_I0_O)        0.124     7.637 r  i0/O_dataResult[6]_i_4/O
                         net (fo=1, routed)           1.019     8.655    i0/O_dataResult[6]_i_4_n_0
    SLICE_X6Y118         LUT6 (Prop_lut6_I0_O)        0.124     8.779 r  i0/O_dataResult[6]_i_2/O
                         net (fo=1, routed)           0.494     9.274    i0/O_dataResult[6]_i_2_n_0
    SLICE_X6Y118         LUT6 (Prop_lut6_I0_O)        0.124     9.398 r  i0/O_dataResult[6]_i_1/O
                         net (fo=1, routed)           0.000     9.398    a0/D[6]
    SLICE_X6Y118         FDRE                                         r  a0/O_dataResult_reg[6]/D
  -------------------------------------------------------------------    -------------------

Slack:                    inf
  Source:                 r0/O_dataA_reg[11]/C
                            (rising edge-triggered cell FDRE)
  Destination:            a0/O_dataResult_reg[13]/D
  Path Group:             (none)
  Path Type:              Max at Slow Process Corner
  Data Path Delay:        9.322ns  (logic 1.649ns (17.689%)  route 7.673ns (82.311%))
  Logic Levels:           8  (FDRE=1 LUT4=1 LUT6=5 MUXF7=1)

    Location             Delay type                Incr(ns)  Path(ns)    Netlist Resource(s)
  -------------------------------------------------------------------    -------------------
    SLICE_X2Y121         FDRE                         0.000     0.000 r  r0/O_dataA_reg[11]/C
    SLICE_X2Y121         FDRE (Prop_fdre_C_Q)         0.518     0.518 f  r0/O_dataA_reg[11]/Q
                         net (fo=22, routed)          1.672     2.190    r0/O_dataA[11]
    SLICE_X5Y124         LUT4 (Prop_lut4_I1_O)        0.124     2.314 f  r0/O_dataResult[0]_i_15/O
                         net (fo=1, routed)           0.943     3.257    r0/O_dataResult[0]_i_15_n_0
    SLICE_X5Y120         LUT6 (Prop_lut6_I5_O)        0.124     3.381 r  r0/O_dataResult[0]_i_8/O
                         net (fo=45, routed)          2.638     6.019    r0/O_dataResult[0]_i_8_n_0
    SLICE_X7Y125         LUT6 (Prop_lut6_I1_O)        0.124     6.143 f  r0/O_dataResult[13]_i_10/O
                         net (fo=1, routed)           1.170     7.313    r0/O_dataResult[13]_i_10_n_0
    SLICE_X6Y124         LUT6 (Prop_lut6_I0_O)        0.124     7.437 r  r0/O_dataResult[13]_i_8/O
                         net (fo=1, routed)           0.000     7.437    i0/O_dataResult[13]_i_2_0
    SLICE_X6Y124         MUXF7 (Prop_muxf7_I1_O)      0.214     7.651 r  i0/O_dataResult_reg[13]_i_4/O
                         net (fo=1, routed)           0.452     8.103    i0/O_dataResult_reg[13]_i_4_n_0
    SLICE_X6Y124         LUT6 (Prop_lut6_I0_O)        0.297     8.400 r  i0/O_dataResult[13]_i_2/O
                         net (fo=1, routed)           0.798     9.198    i0/O_dataResult[13]_i_2_n_0
    SLICE_X5Y124         LUT6 (Prop_lut6_I0_O)        0.124     9.322 r  i0/O_dataResult[13]_i_1/O
                         net (fo=1, routed)           0.000     9.322    a0/D[13]
    SLICE_X5Y124         FDRE                                         r  a0/O_dataResult_reg[13]/D
  -------------------------------------------------------------------    -------------------

Slack:                    inf
  Source:                 r0/O_dataA_reg[11]/C
                            (rising edge-triggered cell FDRE)
  Destination:            a0/O_dataResult_reg[15]/D
  Path Group:             (none)
  Path Type:              Max at Slow Process Corner
  Data Path Delay:        9.310ns  (logic 1.386ns (14.887%)  route 7.924ns (85.113%))
  Logic Levels:           8  (FDRE=1 LUT4=1 LUT5=1 LUT6=5)

    Location             Delay type                Incr(ns)  Path(ns)    Netlist Resource(s)
  -------------------------------------------------------------------    -------------------
    SLICE_X2Y121         FDRE                         0.000     0.000 r  r0/O_dataA_reg[11]/C
    SLICE_X2Y121         FDRE (Prop_fdre_C_Q)         0.518     0.518 f  r0/O_dataA_reg[11]/Q
                         net (fo=22, routed)          1.672     2.190    r0/O_dataA[11]
    SLICE_X5Y124         LUT4 (Prop_lut4_I1_O)        0.124     2.314 f  r0/O_dataResult[0]_i_15/O
                         net (fo=1, routed)           0.943     3.257    r0/O_dataResult[0]_i_15_n_0
    SLICE_X5Y120         LUT6 (Prop_lut6_I5_O)        0.124     3.381 r  r0/O_dataResult[0]_i_8/O
                         net (fo=45, routed)          2.691     6.072    r0/O_dataResult[0]_i_8_n_0
    SLICE_X9Y125         LUT6 (Prop_lut6_I0_O)        0.124     6.196 r  r0/O_dataResult[15]_i_17/O
                         net (fo=1, routed)           0.154     6.350    r0/O_dataResult[15]_i_17_n_0
    SLICE_X9Y125         LUT5 (Prop_lut5_I3_O)        0.124     6.474 r  r0/O_dataResult[15]_i_12/O
                         net (fo=1, routed)           1.101     7.575    i0/O_dataResult[15]_i_3_0
    SLICE_X7Y124         LUT6 (Prop_lut6_I0_O)        0.124     7.699 r  i0/O_dataResult[15]_i_7/O
                         net (fo=1, routed)           0.704     8.403    i0/O_dataResult[15]_i_7_n_0
    SLICE_X5Y125         LUT6 (Prop_lut6_I0_O)        0.124     8.527 r  i0/O_dataResult[15]_i_3/O
                         net (fo=1, routed)           0.659     9.186    i0/O_dataResult[15]_i_3_n_0
    SLICE_X4Y125         LUT6 (Prop_lut6_I0_O)        0.124     9.310 r  i0/O_dataResult[15]_i_2/O
                         net (fo=1, routed)           0.000     9.310    a0/D[15]
    SLICE_X4Y125         FDRE                                         r  a0/O_dataResult_reg[15]/D
  -------------------------------------------------------------------    -------------------

Slack:                    inf
  Source:                 r0/O_dataA_reg[3]/C
                            (rising edge-triggered cell FDRE)
  Destination:            a0/O_dataResult_reg[7]/D
  Path Group:             (none)
  Path Type:              Max at Slow Process Corner
  Data Path Delay:        9.138ns  (logic 1.614ns (17.663%)  route 7.524ns (82.337%))
  Logic Levels:           8  (FDRE=1 LUT3=1 LUT5=1 LUT6=5)

    Location             Delay type                Incr(ns)  Path(ns)    Netlist Resource(s)
  -------------------------------------------------------------------    -------------------
    SLICE_X2Y118         FDRE                         0.000     0.000 r  r0/O_dataA_reg[3]/C
    SLICE_X2Y118         FDRE (Prop_fdre_C_Q)         0.518     0.518 r  r0/O_dataA_reg[3]/Q
                         net (fo=82, routed)          3.213     3.731    r0/O_dataA[3]
    SLICE_X11Y122        LUT5 (Prop_lut5_I3_O)        0.124     3.855 r  r0/O_dataResult[9]_i_13/O
                         net (fo=2, routed)           0.742     4.597    r0/O_dataResult[9]_i_13_n_0
    SLICE_X10Y122        LUT3 (Prop_lut3_I0_O)        0.148     4.745 r  r0/O_dataResult[7]_i_12/O
                         net (fo=2, routed)           0.835     5.580    r0/O_dataResult[7]_i_12_n_0
    SLICE_X9Y122         LUT6 (Prop_lut6_I2_O)        0.328     5.908 f  r0/O_dataResult[7]_i_9/O
                         net (fo=1, routed)           0.819     6.727    r0/O_dataResult[7]_i_9_n_0
    SLICE_X8Y121         LUT6 (Prop_lut6_I0_O)        0.124     6.851 r  r0/O_dataResult[7]_i_7/O
                         net (fo=1, routed)           0.670     7.521    i0/data9[6]
    SLICE_X8Y121         LUT6 (Prop_lut6_I0_O)        0.124     7.645 r  i0/O_dataResult[7]_i_4/O
                         net (fo=1, routed)           0.660     8.304    i0/O_dataResult[7]_i_4_n_0
    SLICE_X7Y119         LUT6 (Prop_lut6_I0_O)        0.124     8.428 r  i0/O_dataResult[7]_i_2/O
                         net (fo=1, routed)           0.586     9.014    i0/O_dataResult[7]_i_2_n_0
    SLICE_X3Y119         LUT6 (Prop_lut6_I0_O)        0.124     9.138 r  i0/O_dataResult[7]_i_1/O
                         net (fo=1, routed)           0.000     9.138    a0/D[7]
    SLICE_X3Y119         FDRE                                         r  a0/O_dataResult_reg[7]/D
  -------------------------------------------------------------------    -------------------

Slack:                    inf
  Source:                 r0/O_dataA_reg[11]/C
                            (rising edge-triggered cell FDRE)
  Destination:            a0/O_dataResult_reg[4]/D
  Path Group:             (none)
  Path Type:              Max at Slow Process Corner
  Data Path Delay:        8.837ns  (logic 1.386ns (15.685%)  route 7.451ns (84.315%))
  Logic Levels:           8  (FDRE=1 LUT4=1 LUT6=6)

    Location             Delay type                Incr(ns)  Path(ns)    Netlist Resource(s)
  -------------------------------------------------------------------    -------------------
    SLICE_X2Y121         FDRE                         0.000     0.000 r  r0/O_dataA_reg[11]/C
    SLICE_X2Y121         FDRE (Prop_fdre_C_Q)         0.518     0.518 f  r0/O_dataA_reg[11]/Q
                         net (fo=22, routed)          1.672     2.190    r0/O_dataA[11]
    SLICE_X5Y124         LUT4 (Prop_lut4_I1_O)        0.124     2.314 f  r0/O_dataResult[0]_i_15/O
                         net (fo=1, routed)           0.943     3.257    r0/O_dataResult[0]_i_15_n_0
    SLICE_X5Y120         LUT6 (Prop_lut6_I5_O)        0.124     3.381 r  r0/O_dataResult[0]_i_8/O
                         net (fo=45, routed)          1.770     5.152    r0/O_dataResult[0]_i_8_n_0
    SLICE_X10Y120        LUT6 (Prop_lut6_I1_O)        0.124     5.276 f  r0/O_dataResult[4]_i_12/O
                         net (fo=1, routed)           0.436     5.712    r0/O_dataResult[4]_i_12_n_0
    SLICE_X9Y120         LUT6 (Prop_lut6_I0_O)        0.124     5.836 r  r0/O_dataResult[4]_i_8/O
                         net (fo=1, routed)           0.739     6.575    i0/data9[3]
    SLICE_X8Y118         LUT6 (Prop_lut6_I0_O)        0.124     6.699 r  i0/O_dataResult[4]_i_4/O
                         net (fo=1, routed)           0.892     7.591    i0/O_dataResult[4]_i_4_n_0
    SLICE_X7Y118         LUT6 (Prop_lut6_I0_O)        0.124     7.715 r  i0/O_dataResult[4]_i_2/O
                         net (fo=1, routed)           0.998     8.713    i0/O_dataResult[4]_i_2_n_0
    SLICE_X5Y118         LUT6 (Prop_lut6_I0_O)        0.124     8.837 r  i0/O_dataResult[4]_i_1/O
                         net (fo=1, routed)           0.000     8.837    a0/D[4]
    SLICE_X5Y118         FDRE                                         r  a0/O_dataResult_reg[4]/D
  -------------------------------------------------------------------    -------------------

Slack:                    inf
  Source:                 r0/O_dataA_reg[11]/C
                            (rising edge-triggered cell FDRE)
  Destination:            a0/O_dataResult_reg[8]/D
  Path Group:             (none)
  Path Type:              Max at Slow Process Corner
  Data Path Delay:        8.714ns  (logic 1.386ns (15.905%)  route 7.328ns (84.095%))
  Logic Levels:           8  (FDRE=1 LUT4=1 LUT6=6)

    Location             Delay type                Incr(ns)  Path(ns)    Netlist Resource(s)
  -------------------------------------------------------------------    -------------------
    SLICE_X2Y121         FDRE                         0.000     0.000 r  r0/O_dataA_reg[11]/C
    SLICE_X2Y121         FDRE (Prop_fdre_C_Q)         0.518     0.518 f  r0/O_dataA_reg[11]/Q
                         net (fo=22, routed)          1.672     2.190    r0/O_dataA[11]
    SLICE_X5Y124         LUT4 (Prop_lut4_I1_O)        0.124     2.314 f  r0/O_dataResult[0]_i_15/O
                         net (fo=1, routed)           0.943     3.257    r0/O_dataResult[0]_i_15_n_0
    SLICE_X5Y120         LUT6 (Prop_lut6_I5_O)        0.124     3.381 r  r0/O_dataResult[0]_i_8/O
                         net (fo=45, routed)          2.018     5.400    r0/O_dataResult[0]_i_8_n_0
    SLICE_X9Y123         LUT6 (Prop_lut6_I1_O)        0.124     5.524 f  r0/O_dataResult[8]_i_12/O
                         net (fo=1, routed)           0.645     6.169    r0/O_dataResult[8]_i_12_n_0
    SLICE_X9Y122         LUT6 (Prop_lut6_I0_O)        0.124     6.293 r  r0/O_dataResult[8]_i_7/O
                         net (fo=1, routed)           0.423     6.716    i0/data9[7]
    SLICE_X8Y121         LUT6 (Prop_lut6_I0_O)        0.124     6.840 r  i0/O_dataResult[8]_i_4/O
                         net (fo=1, routed)           0.817     7.657    i0/O_dataResult[8]_i_4_n_0
    SLICE_X3Y121         LUT6 (Prop_lut6_I0_O)        0.124     7.781 r  i0/O_dataResult[8]_i_2/O
                         net (fo=1, routed)           0.809     8.590    i0/O_dataResult[8]_i_2_n_0
    SLICE_X3Y119         LUT6 (Prop_lut6_I0_O)        0.124     8.714 r  i0/O_dataResult[8]_i_1/O
                         net (fo=1, routed)           0.000     8.714    a0/D[8]
    SLICE_X3Y119         FDRE                                         r  a0/O_dataResult_reg[8]/D
  -------------------------------------------------------------------    -------------------





Min Delay Paths
--------------------------------------------------------------------------------------
Slack:                    inf
  Source:                 ram0/O_data_reg[0]/C
                            (rising edge-triggered cell FDRE)
  Destination:            i0/O_dataImm_reg[0]/D
  Path Group:             (none)
  Path Type:              Min at Fast Process Corner
  Data Path Delay:        0.207ns  (logic 0.148ns (71.500%)  route 0.059ns (28.500%))
  Logic Levels:           1  (FDRE=1)

    Location             Delay type                Incr(ns)  Path(ns)    Netlist Resource(s)
  -------------------------------------------------------------------    -------------------
    SLICE_X2Y125         FDRE                         0.000     0.000 r  ram0/O_data_reg[0]/C
    SLICE_X2Y125         FDRE (Prop_fdre_C_Q)         0.148     0.148 r  ram0/O_data_reg[0]/Q
                         net (fo=1, routed)           0.059     0.207    i0/Q[0]
    SLICE_X3Y125         FDRE                                         r  i0/O_dataImm_reg[0]/D
  -------------------------------------------------------------------    -------------------

Slack:                    inf
  Source:                 ram0/O_data_reg[8]/C
                            (rising edge-triggered cell FDRE)
  Destination:            i0/O_flag_reg/D
  Path Group:             (none)
  Path Type:              Min at Fast Process Corner
  Data Path Delay:        0.207ns  (logic 0.148ns (71.328%)  route 0.059ns (28.672%))
  Logic Levels:           1  (FDRE=1)

    Location             Delay type                Incr(ns)  Path(ns)    Netlist Resource(s)
  -------------------------------------------------------------------    -------------------
    SLICE_X2Y122         FDRE                         0.000     0.000 r  ram0/O_data_reg[8]/C
    SLICE_X2Y122         FDRE (Prop_fdre_C_Q)         0.148     0.148 r  ram0/O_data_reg[8]/Q
                         net (fo=1, routed)           0.059     0.207    i0/Q[8]
    SLICE_X3Y122         FDRE                                         r  i0/O_flag_reg/D
  -------------------------------------------------------------------    -------------------

Slack:                    inf
  Source:                 f0/O_state_reg[1]/C
                            (rising edge-triggered cell FDRE)
  Destination:            i0/O_aluOp_reg[0]/CE
  Path Group:             (none)
  Path Type:              Min at Fast Process Corner
  Data Path Delay:        0.263ns  (logic 0.141ns (53.571%)  route 0.122ns (46.429%))
  Logic Levels:           1  (FDRE=1)

    Location             Delay type                Incr(ns)  Path(ns)    Netlist Resource(s)
  -------------------------------------------------------------------    -------------------
    SLICE_X3Y126         FDRE                         0.000     0.000 r  f0/O_state_reg[1]/C
    SLICE_X3Y126         FDRE (Prop_fdre_C_Q)         0.141     0.141 r  f0/O_state_reg[1]/Q
                         net (fo=22, routed)          0.122     0.263    i0/O_regDWe_reg[0]
    SLICE_X3Y125         FDRE                                         r  i0/O_aluOp_reg[0]/CE
  -------------------------------------------------------------------    -------------------

Slack:                    inf
  Source:                 f0/O_state_reg[1]/C
                            (rising edge-triggered cell FDRE)
  Destination:            i0/O_aluOp_reg[1]/CE
  Path Group:             (none)
  Path Type:              Min at Fast Process Corner
  Data Path Delay:        0.263ns  (logic 0.141ns (53.571%)  route 0.122ns (46.429%))
  Logic Levels:           1  (FDRE=1)

    Location             Delay type                Incr(ns)  Path(ns)    Netlist Resource(s)
  -------------------------------------------------------------------    -------------------
    SLICE_X3Y126         FDRE                         0.000     0.000 r  f0/O_state_reg[1]/C
    SLICE_X3Y126         FDRE (Prop_fdre_C_Q)         0.141     0.141 r  f0/O_state_reg[1]/Q
                         net (fo=22, routed)          0.122     0.263    i0/O_regDWe_reg[0]
    SLICE_X3Y125         FDRE                                         r  i0/O_aluOp_reg[1]/CE
  -------------------------------------------------------------------    -------------------

Slack:                    inf
  Source:                 f0/O_state_reg[1]/C
                            (rising edge-triggered cell FDRE)
  Destination:            i0/O_aluOp_reg[2]/CE
  Path Group:             (none)
  Path Type:              Min at Fast Process Corner
  Data Path Delay:        0.263ns  (logic 0.141ns (53.571%)  route 0.122ns (46.429%))
  Logic Levels:           1  (FDRE=1)

    Location             Delay type                Incr(ns)  Path(ns)    Netlist Resource(s)
  -------------------------------------------------------------------    -------------------
    SLICE_X3Y126         FDRE                         0.000     0.000 r  f0/O_state_reg[1]/C
    SLICE_X3Y126         FDRE (Prop_fdre_C_Q)         0.141     0.141 r  f0/O_state_reg[1]/Q
                         net (fo=22, routed)          0.122     0.263    i0/O_regDWe_reg[0]
    SLICE_X3Y125         FDRE                                         r  i0/O_aluOp_reg[2]/CE
  -------------------------------------------------------------------    -------------------

Slack:                    inf
  Source:                 f0/O_state_reg[1]/C
                            (rising edge-triggered cell FDRE)
  Destination:            i0/O_aluOp_reg[3]/CE
  Path Group:             (none)
  Path Type:              Min at Fast Process Corner
  Data Path Delay:        0.263ns  (logic 0.141ns (53.571%)  route 0.122ns (46.429%))
  Logic Levels:           1  (FDRE=1)

    Location             Delay type                Incr(ns)  Path(ns)    Netlist Resource(s)
  -------------------------------------------------------------------    -------------------
    SLICE_X3Y126         FDRE                         0.000     0.000 r  f0/O_state_reg[1]/C
    SLICE_X3Y126         FDRE (Prop_fdre_C_Q)         0.141     0.141 r  f0/O_state_reg[1]/Q
                         net (fo=22, routed)          0.122     0.263    i0/O_regDWe_reg[0]
    SLICE_X3Y125         FDRE                                         r  i0/O_aluOp_reg[3]/CE
  -------------------------------------------------------------------    -------------------

Slack:                    inf
  Source:                 f0/O_state_reg[1]/C
                            (rising edge-triggered cell FDRE)
  Destination:            i0/O_dataImm_reg[0]/CE
  Path Group:             (none)
  Path Type:              Min at Fast Process Corner
  Data Path Delay:        0.263ns  (logic 0.141ns (53.571%)  route 0.122ns (46.429%))
  Logic Levels:           1  (FDRE=1)

    Location             Delay type                Incr(ns)  Path(ns)    Netlist Resource(s)
  -------------------------------------------------------------------    -------------------
    SLICE_X3Y126         FDRE                         0.000     0.000 r  f0/O_state_reg[1]/C
    SLICE_X3Y126         FDRE (Prop_fdre_C_Q)         0.141     0.141 r  f0/O_state_reg[1]/Q
                         net (fo=22, routed)          0.122     0.263    i0/O_regDWe_reg[0]
    SLICE_X3Y125         FDRE                                         r  i0/O_dataImm_reg[0]/CE
  -------------------------------------------------------------------    -------------------

Slack:                    inf
  Source:                 f0/O_state_reg[1]/C
                            (rising edge-triggered cell FDRE)
  Destination:            i0/O_dataImm_reg[1]/CE
  Path Group:             (none)
  Path Type:              Min at Fast Process Corner
  Data Path Delay:        0.263ns  (logic 0.141ns (53.571%)  route 0.122ns (46.429%))
  Logic Levels:           1  (FDRE=1)

    Location             Delay type                Incr(ns)  Path(ns)    Netlist Resource(s)
  -------------------------------------------------------------------    -------------------
    SLICE_X3Y126         FDRE                         0.000     0.000 r  f0/O_state_reg[1]/C
    SLICE_X3Y126         FDRE (Prop_fdre_C_Q)         0.141     0.141 r  f0/O_state_reg[1]/Q
                         net (fo=22, routed)          0.122     0.263    i0/O_regDWe_reg[0]
    SLICE_X3Y125         FDRE                                         r  i0/O_dataImm_reg[1]/CE
  -------------------------------------------------------------------    -------------------

Slack:                    inf
  Source:                 f0/O_state_reg[1]/C
                            (rising edge-triggered cell FDRE)
  Destination:            i0/O_aluOp_reg[0]_lopt_replica/CE
  Path Group:             (none)
  Path Type:              Min at Fast Process Corner
  Data Path Delay:        0.272ns  (logic 0.141ns (51.925%)  route 0.131ns (48.075%))
  Logic Levels:           1  (FDRE=1)

    Location             Delay type                Incr(ns)  Path(ns)    Netlist Resource(s)
  -------------------------------------------------------------------    -------------------
    SLICE_X3Y126         FDRE                         0.000     0.000 r  f0/O_state_reg[1]/C
    SLICE_X3Y126         FDRE (Prop_fdre_C_Q)         0.141     0.141 r  f0/O_state_reg[1]/Q
                         net (fo=22, routed)          0.131     0.272    i0/O_regDWe_reg[0]
    SLICE_X0Y125         FDRE                                         r  i0/O_aluOp_reg[0]_lopt_replica/CE
  -------------------------------------------------------------------    -------------------

Slack:                    inf
  Source:                 f0/O_state_reg[1]/C
                            (rising edge-triggered cell FDRE)
  Destination:            i0/O_aluOp_reg[1]_lopt_replica/CE
  Path Group:             (none)
  Path Type:              Min at Fast Process Corner
  Data Path Delay:        0.272ns  (logic 0.141ns (51.925%)  route 0.131ns (48.075%))
  Logic Levels:           1  (FDRE=1)

    Location             Delay type                Incr(ns)  Path(ns)    Netlist Resource(s)
  -------------------------------------------------------------------    -------------------
    SLICE_X3Y126         FDRE                         0.000     0.000 r  f0/O_state_reg[1]/C
    SLICE_X3Y126         FDRE (Prop_fdre_C_Q)         0.141     0.141 r  f0/O_state_reg[1]/Q
                         net (fo=22, routed)          0.131     0.272    i0/O_regDWe_reg[0]
    SLICE_X0Y125         FDRE                                         r  i0/O_aluOp_reg[1]_lopt_replica/CE
  -------------------------------------------------------------------    -------------------





