Copyright 1986-2022 Xilinx, Inc. All Rights Reserved. Copyright 2022-2025 Advanced Micro Devices, Inc. All Rights Reserved.
---------------------------------------------------------------------------------------------------------------------------------------------------------------------------------------------------------------------------
| Tool Version : Vivado v.2025.2 (win64) Build 6299465 Fri Nov 14 19:35:11 GMT 2025
| Date         : Mon Apr 20 13:40:02 2026
| Host         : haya6174 running 64-bit major release  (build 9200)
| Command      : report_timing_summary -max_paths 10 -routable_nets -report_unconstrained -file ram_b_timing_summary_routed.rpt -pb ram_b_timing_summary_routed.pb -rpx ram_b_timing_summary_routed.rpx -warn_on_violation
| Design       : ram_b
| Device       : 7a200t-sbg484
| Speed File   : -1  PRODUCTION 1.23 2018-06-13
| Design State : Routed
---------------------------------------------------------------------------------------------------------------------------------------------------------------------------------------------------------------------------

Timing Summary Report

------------------------------------------------------------------------------------------------
| Timer Settings
| --------------
------------------------------------------------------------------------------------------------

  Enable Multi Corner Analysis               :  Yes
  Enable Pessimism Removal                   :  Yes
  Pessimism Removal Resolution               :  Nearest Common Node
  Enable Input Delay Default Clock           :  No
  Enable Preset / Clear Arcs                 :  No
  Disable Flight Delays                      :  No
  Ignore I/O Paths                           :  No
  Timing Early Launch at Borrowing Latches   :  No
  Borrow Time for Max Delay Exceptions       :  Yes
  Merge Timing Exceptions                    :  Yes
  Inter-SLR Compensation                     :  Conservative

  Corner  Analyze    Analyze    
  Name    Max Paths  Min Paths  
  ------  ---------  ---------  
  Slow    Yes        Yes        
  Fast    Yes        Yes        


------------------------------------------------------------------------------------------------
| Report Methodology
| ------------------
------------------------------------------------------------------------------------------------

Rule       Severity          Description                  Violations  
---------  ----------------  ---------------------------  ----------  
TIMING-17  Critical Warning  Non-clocked sequential cell  1000        

Note: This report is based on the most recent report_methodology run and may not be up-to-date. Run report_methodology on the current design for the latest report.



check_timing report

Table of Contents
-----------------
1. checking no_clock (1408)
2. checking constant_clock (0)
3. checking pulse_width_clock (0)
4. checking unconstrained_internal_endpoints (10880)
5. checking no_input_delay (44)
6. checking no_output_delay (32)
7. checking multiple_clock (0)
8. checking generated_clocks (0)
9. checking loops (0)
10. checking partial_input_delay (0)
11. checking partial_output_delay (0)
12. checking latch_loops (0)

1. checking no_clock (1408)
---------------------------
 There are 1408 register/latch pins with no clock driven by root clock pin: clk (HIGH)


2. checking constant_clock (0)
------------------------------
 There are 0 register/latch pins with constant_clock.


3. checking pulse_width_clock (0)
---------------------------------
 There are 0 register/latch pins which need pulse_width check


4. checking unconstrained_internal_endpoints (10880)
----------------------------------------------------
 There are 10880 pins that are not constrained for maximum delay. (HIGH)

 There are 0 pins that are not constrained for maximum delay due to constant clock.


5. checking no_input_delay (44)
-------------------------------
 There are 44 input ports with no input delay specified. (HIGH)

 There are 0 input ports with no input delay but user has a false path constraint.


6. checking no_output_delay (32)
--------------------------------
 There are 32 ports with no output delay specified. (HIGH)

 There are 0 ports with no output delay but user has a false path constraint

 There are 0 ports with no output delay but with a timing clock defined on it or propagating through it


7. checking multiple_clock (0)
------------------------------
 There are 0 register/latch pins with multiple clocks.


8. checking generated_clocks (0)
--------------------------------
 There are 0 generated clocks that are not connected to a clock source.


9. checking loops (0)
---------------------
 There are 0 combinational loops in the design.


10. checking partial_input_delay (0)
------------------------------------
 There are 0 input ports with partial input delay specified.


11. checking partial_output_delay (0)
-------------------------------------
 There are 0 ports with partial output delay specified.


12. checking latch_loops (0)
----------------------------
 There are 0 combinational latch loops in the design through latch input



------------------------------------------------------------------------------------------------
| Design Timing Summary
| ---------------------
------------------------------------------------------------------------------------------------

    WNS(ns)      TNS(ns)  TNS Failing Endpoints  TNS Total Endpoints      WHS(ns)      THS(ns)  THS Failing Endpoints  THS Total Endpoints     WPWS(ns)     TPWS(ns)  TPWS Failing Endpoints  TPWS Total Endpoints  
    -------      -------  ---------------------  -------------------      -------      -------  ---------------------  -------------------     --------     --------  ----------------------  --------------------  
        inf        0.000                      0                10912          inf        0.000                      0                10912           NA           NA                      NA                    NA  


There are no user specified timing constraints.


------------------------------------------------------------------------------------------------
| Clock Summary
| -------------
------------------------------------------------------------------------------------------------


------------------------------------------------------------------------------------------------
| Intra Clock Table
| -----------------
------------------------------------------------------------------------------------------------

Clock             WNS(ns)      TNS(ns)  TNS Failing Endpoints  TNS Total Endpoints      WHS(ns)      THS(ns)  THS Failing Endpoints  THS Total Endpoints     WPWS(ns)     TPWS(ns)  TPWS Failing Endpoints  TPWS Total Endpoints  
-----             -------      -------  ---------------------  -------------------      -------      -------  ---------------------  -------------------     --------     --------  ----------------------  --------------------  


------------------------------------------------------------------------------------------------
| Inter Clock Table
| -----------------
------------------------------------------------------------------------------------------------

From Clock    To Clock          WNS(ns)      TNS(ns)  TNS Failing Endpoints  TNS Total Endpoints      WHS(ns)      THS(ns)  THS Failing Endpoints  THS Total Endpoints  
----------    --------          -------      -------  ---------------------  -------------------      -------      -------  ---------------------  -------------------  


------------------------------------------------------------------------------------------------
| Other Path Groups Table
| -----------------------
------------------------------------------------------------------------------------------------

Path Group    From Clock    To Clock          WNS(ns)      TNS(ns)  TNS Failing Endpoints  TNS Total Endpoints      WHS(ns)      THS(ns)  THS Failing Endpoints  THS Total Endpoints  
----------    ----------    --------          -------      -------  ---------------------  -------------------      -------      -------  ---------------------  -------------------  


------------------------------------------------------------------------------------------------
| User Ignored Path Table
| -----------------------
------------------------------------------------------------------------------------------------

Path Group    From Clock    To Clock    
----------    ----------    --------    


------------------------------------------------------------------------------------------------
| Unconstrained Path Table
| ------------------------
------------------------------------------------------------------------------------------------

Path Group    From Clock    To Clock    
----------    ----------    --------    
(none)                                    


------------------------------------------------------------------------------------------------
| Timing Details
| --------------
------------------------------------------------------------------------------------------------


--------------------------------------------------------------------------------------
Path Group:  (none)
From Clock:  
  To Clock:  

Max Delay         10912 Endpoints
Min Delay         10912 Endpoints
--------------------------------------------------------------------------------------


Max Delay Paths
--------------------------------------------------------------------------------------
Slack:                    inf
  Source:                 r_addr[2]
                            (input port)
  Destination:            r_data[13]
                            (output port)
  Path Group:             (none)
  Path Type:              Max at Slow Process Corner
  Data Path Delay:        26.397ns  (logic 4.421ns (16.748%)  route 21.976ns (83.252%))
  Logic Levels:           6  (IBUF=1 LUT6=2 MUXF7=1 OBUF=1 RAMD64E=1)

    Location             Delay type                Incr(ns)  Path(ns)    Netlist Resource(s)
  -------------------------------------------------------------------    -------------------
    W22                                               0.000     0.000 r  r_addr[2] (IN)
                         net (fo=0)                   0.000     0.000    r_addr[2]
    W22                  IBUF (Prop_ibuf_I_O)         0.994     0.994 r  r_addr_IBUF[2]_inst/O
                         net (fo=1056, routed)       12.034    13.028    mem_reg_192_255_12_14/ADDRB2
    SLICE_X6Y120         RAMD64E (Prop_ramd64e_RADR2_O)
                                                      0.124    13.152 r  mem_reg_192_255_12_14/RAMB/O
                         net (fo=1, routed)           0.712    13.864    mem_reg_192_255_12_14_n_1
    SLICE_X7Y120         LUT6 (Prop_lut6_I0_O)        0.124    13.988 r  r_data_OBUF[13]_inst_i_12/O
                         net (fo=1, routed)           0.000    13.988    r_data_OBUF[13]_inst_i_12_n_0
    SLICE_X7Y120         MUXF7 (Prop_muxf7_I0_O)      0.238    14.226 r  r_data_OBUF[13]_inst_i_5/O
                         net (fo=1, routed)           1.021    15.246    r_data_OBUF[13]_inst_i_5_n_0
    SLICE_X9Y119         LUT6 (Prop_lut6_I5_O)        0.298    15.544 r  r_data_OBUF[13]_inst_i_1/O
                         net (fo=1, routed)           8.210    23.754    r_data_OBUF[13]
    W5                   OBUF (Prop_obuf_I_O)         2.643    26.397 r  r_data_OBUF[13]_inst/O
                         net (fo=0)                   0.000    26.397    r_data[13]
    W5                                                                r  r_data[13] (OUT)
  -------------------------------------------------------------------    -------------------

Slack:                    inf
  Source:                 r_addr[2]
                            (input port)
  Destination:            r_data[12]
                            (output port)
  Path Group:             (none)
  Path Type:              Max at Slow Process Corner
  Data Path Delay:        25.997ns  (logic 4.383ns (16.859%)  route 21.614ns (83.141%))
  Logic Levels:           6  (IBUF=1 LUT6=2 MUXF7=1 OBUF=1 RAMD64E=1)

    Location             Delay type                Incr(ns)  Path(ns)    Netlist Resource(s)
  -------------------------------------------------------------------    -------------------
    W22                                               0.000     0.000 r  r_addr[2] (IN)
                         net (fo=0)                   0.000     0.000    r_addr[2]
    W22                  IBUF (Prop_ibuf_I_O)         0.994     0.994 r  r_addr_IBUF[2]_inst/O
                         net (fo=1056, routed)       12.036    13.030    mem_reg_192_255_12_14/ADDRA2
    SLICE_X6Y120         RAMD64E (Prop_ramd64e_RADR2_O)
                                                      0.124    13.154 r  mem_reg_192_255_12_14/RAMA/O
                         net (fo=1, routed)           0.808    13.963    mem_reg_192_255_12_14_n_0
    SLICE_X7Y120         LUT6 (Prop_lut6_I0_O)        0.124    14.087 r  r_data_OBUF[12]_inst_i_12/O
                         net (fo=1, routed)           0.000    14.087    r_data_OBUF[12]_inst_i_12_n_0
    SLICE_X7Y120         MUXF7 (Prop_muxf7_I0_O)      0.212    14.299 r  r_data_OBUF[12]_inst_i_5/O
                         net (fo=1, routed)           0.594    14.893    r_data_OBUF[12]_inst_i_5_n_0
    SLICE_X9Y117         LUT6 (Prop_lut6_I5_O)        0.299    15.192 r  r_data_OBUF[12]_inst_i_1/O
                         net (fo=1, routed)           8.176    23.367    r_data_OBUF[12]
    U6                   OBUF (Prop_obuf_I_O)         2.629    25.997 r  r_data_OBUF[12]_inst/O
                         net (fo=0)                   0.000    25.997    r_data[12]
    U6                                                                r  r_data[12] (OUT)
  -------------------------------------------------------------------    -------------------

Slack:                    inf
  Source:                 r_addr[2]
                            (input port)
  Destination:            r_data[6]
                            (output port)
  Path Group:             (none)
  Path Type:              Max at Slow Process Corner
  Data Path Delay:        25.985ns  (logic 4.415ns (16.992%)  route 21.570ns (83.008%))
  Logic Levels:           6  (IBUF=1 LUT6=2 MUXF7=1 OBUF=1 RAMD64E=1)

    Location             Delay type                Incr(ns)  Path(ns)    Netlist Resource(s)
  -------------------------------------------------------------------    -------------------
    W22                                               0.000     0.000 r  r_addr[2] (IN)
                         net (fo=0)                   0.000     0.000    r_addr[2]
    W22                  IBUF (Prop_ibuf_I_O)         0.994     0.994 r  r_addr_IBUF[2]_inst/O
                         net (fo=1056, routed)       11.353    12.347    mem_reg_576_639_6_8/ADDRA2
    SLICE_X8Y108         RAMD64E (Prop_ramd64e_RADR2_O)
                                                      0.124    12.471 r  mem_reg_576_639_6_8/RAMA/O
                         net (fo=1, routed)           0.951    13.422    mem_reg_576_639_6_8_n_0
    SLICE_X9Y110         LUT6 (Prop_lut6_I3_O)        0.124    13.546 r  r_data_OBUF[6]_inst_i_10/O
                         net (fo=1, routed)           0.000    13.546    r_data_OBUF[6]_inst_i_10_n_0
    SLICE_X9Y110         MUXF7 (Prop_muxf7_I0_O)      0.212    13.758 r  r_data_OBUF[6]_inst_i_4/O
                         net (fo=1, routed)           0.925    14.683    r_data_OBUF[6]_inst_i_4_n_0
    SLICE_X9Y107         LUT6 (Prop_lut6_I3_O)        0.299    14.982 r  r_data_OBUF[6]_inst_i_1/O
                         net (fo=1, routed)           8.341    23.323    r_data_OBUF[6]
    V7                   OBUF (Prop_obuf_I_O)         2.662    25.985 r  r_data_OBUF[6]_inst/O
                         net (fo=0)                   0.000    25.985    r_data[6]
    V7                                                                r  r_data[6] (OUT)
  -------------------------------------------------------------------    -------------------

Slack:                    inf
  Source:                 r_addr[2]
                            (input port)
  Destination:            r_data[7]
                            (output port)
  Path Group:             (none)
  Path Type:              Max at Slow Process Corner
  Data Path Delay:        25.674ns  (logic 4.424ns (17.232%)  route 21.249ns (82.768%))
  Logic Levels:           6  (IBUF=1 LUT6=2 MUXF7=1 OBUF=1 RAMD64E=1)

    Location             Delay type                Incr(ns)  Path(ns)    Netlist Resource(s)
  -------------------------------------------------------------------    -------------------
    W22                                               0.000     0.000 r  r_addr[2] (IN)
                         net (fo=0)                   0.000     0.000    r_addr[2]
    W22                  IBUF (Prop_ibuf_I_O)         0.994     0.994 r  r_addr_IBUF[2]_inst/O
                         net (fo=1056, routed)       11.201    12.195    mem_reg_704_767_6_8/ADDRB2
    SLICE_X8Y109         RAMD64E (Prop_ramd64e_RADR2_O)
                                                      0.124    12.319 r  mem_reg_704_767_6_8/RAMB/O
                         net (fo=1, routed)           1.016    13.336    mem_reg_704_767_6_8_n_1
    SLICE_X9Y110         LUT6 (Prop_lut6_I0_O)        0.124    13.460 r  r_data_OBUF[7]_inst_i_10/O
                         net (fo=1, routed)           0.000    13.460    r_data_OBUF[7]_inst_i_10_n_0
    SLICE_X9Y110         MUXF7 (Prop_muxf7_I0_O)      0.238    13.698 r  r_data_OBUF[7]_inst_i_4/O
                         net (fo=1, routed)           0.991    14.689    r_data_OBUF[7]_inst_i_4_n_0
    SLICE_X9Y107         LUT6 (Prop_lut6_I3_O)        0.298    14.987 r  r_data_OBUF[7]_inst_i_1/O
                         net (fo=1, routed)           8.041    23.028    r_data_OBUF[7]
    AA6                  OBUF (Prop_obuf_I_O)         2.646    25.674 r  r_data_OBUF[7]_inst/O
                         net (fo=0)                   0.000    25.674    r_data[7]
    AA6                                                               r  r_data[7] (OUT)
  -------------------------------------------------------------------    -------------------

Slack:                    inf
  Source:                 r_addr[2]
                            (input port)
  Destination:            r_data[8]
                            (output port)
  Path Group:             (none)
  Path Type:              Max at Slow Process Corner
  Data Path Delay:        25.373ns  (logic 4.399ns (17.339%)  route 20.974ns (82.661%))
  Logic Levels:           6  (IBUF=1 LUT6=2 MUXF7=1 OBUF=1 RAMD64E=1)

    Location             Delay type                Incr(ns)  Path(ns)    Netlist Resource(s)
  -------------------------------------------------------------------    -------------------
    W22                                               0.000     0.000 r  r_addr[2] (IN)
                         net (fo=0)                   0.000     0.000    r_addr[2]
    W22                  IBUF (Prop_ibuf_I_O)         0.994     0.994 r  r_addr_IBUF[2]_inst/O
                         net (fo=1056, routed)       11.029    12.024    mem_reg_1472_1535_6_8/ADDRC2
    SLICE_X10Y108        RAMD64E (Prop_ramd64e_RADR2_O)
                                                      0.124    12.148 r  mem_reg_1472_1535_6_8/RAMC/O
                         net (fo=1, routed)           0.960    13.108    mem_reg_1472_1535_6_8_n_2
    SLICE_X11Y106        LUT6 (Prop_lut6_I0_O)        0.124    13.232 r  r_data_OBUF[8]_inst_i_9/O
                         net (fo=1, routed)           0.000    13.232    r_data_OBUF[8]_inst_i_9_n_0
    SLICE_X11Y106        MUXF7 (Prop_muxf7_I1_O)      0.217    13.449 r  r_data_OBUF[8]_inst_i_3/O
                         net (fo=1, routed)           0.817    14.266    r_data_OBUF[8]_inst_i_3_n_0
    SLICE_X9Y106         LUT6 (Prop_lut6_I1_O)        0.299    14.565 r  r_data_OBUF[8]_inst_i_1/O
                         net (fo=1, routed)           8.167    22.732    r_data_OBUF[8]
    Y6                   OBUF (Prop_obuf_I_O)         2.641    25.373 r  r_data_OBUF[8]_inst/O
                         net (fo=0)                   0.000    25.373    r_data[8]
    Y6                                                                r  r_data[8] (OUT)
  -------------------------------------------------------------------    -------------------

Slack:                    inf
  Source:                 r_addr[3]
                            (input port)
  Destination:            r_data[4]
                            (output port)
  Path Group:             (none)
  Path Type:              Max at Slow Process Corner
  Data Path Delay:        24.798ns  (logic 4.431ns (17.869%)  route 20.367ns (82.131%))
  Logic Levels:           6  (IBUF=1 LUT6=2 MUXF7=1 OBUF=1 RAMD64E=1)

    Location             Delay type                Incr(ns)  Path(ns)    Netlist Resource(s)
  -------------------------------------------------------------------    -------------------
    W21                                               0.000     0.000 r  r_addr[3] (IN)
                         net (fo=0)                   0.000     0.000    r_addr[3]
    W21                  IBUF (Prop_ibuf_I_O)         0.983     0.983 r  r_addr_IBUF[3]_inst/O
                         net (fo=1056, routed)       10.676    11.659    mem_reg_1344_1407_3_5/ADDRB3
    SLICE_X14Y99         RAMD64E (Prop_ramd64e_RADR3_O)
                                                      0.124    11.783 r  mem_reg_1344_1407_3_5/RAMB/O
                         net (fo=1, routed)           0.933    12.716    mem_reg_1344_1407_3_5_n_1
    SLICE_X13Y101        LUT6 (Prop_lut6_I3_O)        0.124    12.840 r  r_data_OBUF[4]_inst_i_9/O
                         net (fo=1, routed)           0.000    12.840    r_data_OBUF[4]_inst_i_9_n_0
    SLICE_X13Y101        MUXF7 (Prop_muxf7_I1_O)      0.245    13.085 r  r_data_OBUF[4]_inst_i_3/O
                         net (fo=1, routed)           0.937    14.022    r_data_OBUF[4]_inst_i_3_n_0
    SLICE_X15Y104        LUT6 (Prop_lut6_I1_O)        0.298    14.320 r  r_data_OBUF[4]_inst_i_1/O
                         net (fo=1, routed)           7.821    22.141    r_data_OBUF[4]
    AB7                  OBUF (Prop_obuf_I_O)         2.657    24.798 r  r_data_OBUF[4]_inst/O
                         net (fo=0)                   0.000    24.798    r_data[4]
    AB7                                                               r  r_data[4] (OUT)
  -------------------------------------------------------------------    -------------------

Slack:                    inf
  Source:                 r_addr[3]
                            (input port)
  Destination:            r_data[11]
                            (output port)
  Path Group:             (none)
  Path Type:              Max at Slow Process Corner
  Data Path Delay:        24.694ns  (logic 4.393ns (17.789%)  route 20.301ns (82.211%))
  Logic Levels:           6  (IBUF=1 LUT6=2 MUXF7=1 OBUF=1 RAMD64E=1)

    Location             Delay type                Incr(ns)  Path(ns)    Netlist Resource(s)
  -------------------------------------------------------------------    -------------------
    W21                                               0.000     0.000 r  r_addr[3] (IN)
                         net (fo=0)                   0.000     0.000    r_addr[3]
    W21                  IBUF (Prop_ibuf_I_O)         0.983     0.983 r  r_addr_IBUF[3]_inst/O
                         net (fo=1056, routed)       11.321    12.304    mem_reg_1600_1663_9_11/ADDRC3
    SLICE_X20Y111        RAMD64E (Prop_ramd64e_RADR3_O)
                                                      0.124    12.428 r  mem_reg_1600_1663_9_11/RAMC/O
                         net (fo=1, routed)           0.754    13.182    mem_reg_1600_1663_9_11_n_2
    SLICE_X21Y113        LUT6 (Prop_lut6_I3_O)        0.124    13.306 r  r_data_OBUF[11]_inst_i_6/O
                         net (fo=1, routed)           0.000    13.306    r_data_OBUF[11]_inst_i_6_n_0
    SLICE_X21Y113        MUXF7 (Prop_muxf7_I0_O)      0.238    13.544 r  r_data_OBUF[11]_inst_i_2/O
                         net (fo=1, routed)           0.449    13.993    r_data_OBUF[11]_inst_i_2_n_0
    SLICE_X19Y113        LUT6 (Prop_lut6_I0_O)        0.298    14.291 r  r_data_OBUF[11]_inst_i_1/O
                         net (fo=1, routed)           7.778    22.069    r_data_OBUF[11]
    V5                   OBUF (Prop_obuf_I_O)         2.625    24.694 r  r_data_OBUF[11]_inst/O
                         net (fo=0)                   0.000    24.694    r_data[11]
    V5                                                                r  r_data[11] (OUT)
  -------------------------------------------------------------------    -------------------

Slack:                    inf
  Source:                 r_addr[3]
                            (input port)
  Destination:            r_data[3]
                            (output port)
  Path Group:             (none)
  Path Type:              Max at Slow Process Corner
  Data Path Delay:        24.557ns  (logic 4.409ns (17.953%)  route 20.149ns (82.047%))
  Logic Levels:           6  (IBUF=1 LUT6=2 MUXF7=1 OBUF=1 RAMD64E=1)

    Location             Delay type                Incr(ns)  Path(ns)    Netlist Resource(s)
  -------------------------------------------------------------------    -------------------
    W21                                               0.000     0.000 r  r_addr[3] (IN)
                         net (fo=0)                   0.000     0.000    r_addr[3]
    W21                  IBUF (Prop_ibuf_I_O)         0.983     0.983 r  r_addr_IBUF[3]_inst/O
                         net (fo=1056, routed)       10.679    11.662    mem_reg_1344_1407_3_5/ADDRA3
    SLICE_X14Y99         RAMD64E (Prop_ramd64e_RADR3_O)
                                                      0.124    11.786 r  mem_reg_1344_1407_3_5/RAMA/O
                         net (fo=1, routed)           0.934    12.720    mem_reg_1344_1407_3_5_n_0
    SLICE_X13Y101        LUT6 (Prop_lut6_I3_O)        0.124    12.844 r  r_data_OBUF[3]_inst_i_9/O
                         net (fo=1, routed)           0.000    12.844    r_data_OBUF[3]_inst_i_9_n_0
    SLICE_X13Y101        MUXF7 (Prop_muxf7_I1_O)      0.217    13.061 r  r_data_OBUF[3]_inst_i_3/O
                         net (fo=1, routed)           0.920    13.981    r_data_OBUF[3]_inst_i_3_n_0
    SLICE_X17Y103        LUT6 (Prop_lut6_I1_O)        0.299    14.280 r  r_data_OBUF[3]_inst_i_1/O
                         net (fo=1, routed)           7.616    21.896    r_data_OBUF[3]
    AB6                  OBUF (Prop_obuf_I_O)         2.661    24.557 r  r_data_OBUF[3]_inst/O
                         net (fo=0)                   0.000    24.557    r_data[3]
    AB6                                                               r  r_data[3] (OUT)
  -------------------------------------------------------------------    -------------------

Slack:                    inf
  Source:                 r_addr[3]
                            (input port)
  Destination:            r_data[15]
                            (output port)
  Path Group:             (none)
  Path Type:              Max at Slow Process Corner
  Data Path Delay:        24.505ns  (logic 4.372ns (17.843%)  route 20.132ns (82.157%))
  Logic Levels:           6  (IBUF=1 LUT6=2 MUXF7=1 OBUF=1 RAMD64E=1)

    Location             Delay type                Incr(ns)  Path(ns)    Netlist Resource(s)
  -------------------------------------------------------------------    -------------------
    W21                                               0.000     0.000 r  r_addr[3] (IN)
                         net (fo=0)                   0.000     0.000    r_addr[3]
    W21                  IBUF (Prop_ibuf_I_O)         0.983     0.983 r  r_addr_IBUF[3]_inst/O
                         net (fo=1056, routed)       10.878    11.861    mem_reg_832_895_15_17/ADDRA3
    SLICE_X16Y117        RAMD64E (Prop_ramd64e_RADR3_O)
                                                      0.124    11.985 r  mem_reg_832_895_15_17/RAMA/O
                         net (fo=1, routed)           0.587    12.572    mem_reg_832_895_15_17_n_0
    SLICE_X13Y117        LUT6 (Prop_lut6_I3_O)        0.124    12.696 r  r_data_OBUF[15]_inst_i_11/O
                         net (fo=1, routed)           0.000    12.696    r_data_OBUF[15]_inst_i_11_n_0
    SLICE_X13Y117        MUXF7 (Prop_muxf7_I1_O)      0.217    12.913 r  r_data_OBUF[15]_inst_i_4/O
                         net (fo=1, routed)           1.300    14.213    r_data_OBUF[15]_inst_i_4_n_0
    SLICE_X21Y119        LUT6 (Prop_lut6_I3_O)        0.299    14.512 r  r_data_OBUF[15]_inst_i_1/O
                         net (fo=1, routed)           7.367    21.880    r_data_OBUF[15]
    U5                   OBUF (Prop_obuf_I_O)         2.625    24.505 r  r_data_OBUF[15]_inst/O
                         net (fo=0)                   0.000    24.505    r_data[15]
    U5                                                                r  r_data[15] (OUT)
  -------------------------------------------------------------------    -------------------

Slack:                    inf
  Source:                 r_addr[3]
                            (input port)
  Destination:            r_data[9]
                            (output port)
  Path Group:             (none)
  Path Type:              Max at Slow Process Corner
  Data Path Delay:        24.492ns  (logic 4.371ns (17.845%)  route 20.122ns (82.155%))
  Logic Levels:           6  (IBUF=1 LUT6=2 MUXF7=1 OBUF=1 RAMD64E=1)

    Location             Delay type                Incr(ns)  Path(ns)    Netlist Resource(s)
  -------------------------------------------------------------------    -------------------
    W21                                               0.000     0.000 r  r_addr[3] (IN)
                         net (fo=0)                   0.000     0.000    r_addr[3]
    W21                  IBUF (Prop_ibuf_I_O)         0.983     0.983 r  r_addr_IBUF[3]_inst/O
                         net (fo=1056, routed)       10.285    11.268    mem_reg_384_447_9_11/ADDRA3
    SLICE_X14Y112        RAMD64E (Prop_ramd64e_RADR3_O)
                                                      0.124    11.392 r  mem_reg_384_447_9_11/RAMA/O
                         net (fo=1, routed)           0.997    12.389    mem_reg_384_447_9_11_n_0
    SLICE_X15Y111        LUT6 (Prop_lut6_I1_O)        0.124    12.513 r  r_data_OBUF[9]_inst_i_13/O
                         net (fo=1, routed)           0.000    12.513    r_data_OBUF[9]_inst_i_13_n_0
    SLICE_X15Y111        MUXF7 (Prop_muxf7_I1_O)      0.217    12.730 r  r_data_OBUF[9]_inst_i_5/O
                         net (fo=1, routed)           1.100    13.830    r_data_OBUF[9]_inst_i_5_n_0
    SLICE_X17Y114        LUT6 (Prop_lut6_I5_O)        0.299    14.129 r  r_data_OBUF[9]_inst_i_1/O
                         net (fo=1, routed)           7.740    21.869    r_data_OBUF[9]
    T6                   OBUF (Prop_obuf_I_O)         2.623    24.492 r  r_data_OBUF[9]_inst/O
                         net (fo=0)                   0.000    24.492    r_data[9]
    T6                                                                r  r_data[9] (OUT)
  -------------------------------------------------------------------    -------------------





Min Delay Paths
--------------------------------------------------------------------------------------
Slack:                    inf
  Source:                 w_data[6]
                            (input port)
  Destination:            mem_reg_0_63_6_8/RAMA/I
  Path Group:             (none)
  Path Type:              Min at Fast Process Corner
  Data Path Delay:        0.536ns  (logic 0.158ns (29.447%)  route 0.378ns (70.553%))
  Logic Levels:           1  (IBUF=1)

    Location             Delay type                Incr(ns)  Path(ns)    Netlist Resource(s)
  -------------------------------------------------------------------    -------------------
    P15                                               0.000     0.000 r  w_data[6] (IN)
                         net (fo=0)                   0.000     0.000    w_data[6]
    P15                  IBUF (Prop_ibuf_I_O)         0.158     0.158 r  w_data_IBUF[6]_inst/O
                         net (fo=32, routed)          0.378     0.536    mem_reg_0_63_6_8/DIA
    SLICE_X6Y105         RAMD64E                                      r  mem_reg_0_63_6_8/RAMA/I
  -------------------------------------------------------------------    -------------------

Slack:                    inf
  Source:                 w_data[6]
                            (input port)
  Destination:            mem_reg_320_383_6_8/RAMA/I
  Path Group:             (none)
  Path Type:              Min at Fast Process Corner
  Data Path Delay:        0.536ns  (logic 0.158ns (29.447%)  route 0.378ns (70.553%))
  Logic Levels:           1  (IBUF=1)

    Location             Delay type                Incr(ns)  Path(ns)    Netlist Resource(s)
  -------------------------------------------------------------------    -------------------
    P15                                               0.000     0.000 r  w_data[6] (IN)
                         net (fo=0)                   0.000     0.000    w_data[6]
    P15                  IBUF (Prop_ibuf_I_O)         0.158     0.158 r  w_data_IBUF[6]_inst/O
                         net (fo=32, routed)          0.378     0.536    mem_reg_320_383_6_8/DIA
    SLICE_X6Y107         RAMD64E                                      r  mem_reg_320_383_6_8/RAMA/I
  -------------------------------------------------------------------    -------------------

Slack:                    inf
  Source:                 w_data[12]
                            (input port)
  Destination:            mem_reg_896_959_12_14/RAMA/I
  Path Group:             (none)
  Path Type:              Min at Fast Process Corner
  Data Path Delay:        0.553ns  (logic 0.169ns (30.604%)  route 0.384ns (69.396%))
  Logic Levels:           1  (IBUF=1)

    Location             Delay type                Incr(ns)  Path(ns)    Netlist Resource(s)
  -------------------------------------------------------------------    -------------------
    P14                                               0.000     0.000 r  w_data[12] (IN)
                         net (fo=0)                   0.000     0.000    w_data[12]
    P14                  IBUF (Prop_ibuf_I_O)         0.169     0.169 r  w_data_IBUF[12]_inst/O
                         net (fo=32, routed)          0.384     0.553    mem_reg_896_959_12_14/DIA
    SLICE_X6Y112         RAMD64E                                      r  mem_reg_896_959_12_14/RAMA/I
  -------------------------------------------------------------------    -------------------

Slack:                    inf
  Source:                 w_data[6]
                            (input port)
  Destination:            mem_reg_832_895_6_8/RAMA/I
  Path Group:             (none)
  Path Type:              Min at Fast Process Corner
  Data Path Delay:        0.577ns  (logic 0.158ns (27.359%)  route 0.419ns (72.641%))
  Logic Levels:           1  (IBUF=1)

    Location             Delay type                Incr(ns)  Path(ns)    Netlist Resource(s)
  -------------------------------------------------------------------    -------------------
    P15                                               0.000     0.000 r  w_data[6] (IN)
                         net (fo=0)                   0.000     0.000    w_data[6]
    P15                  IBUF (Prop_ibuf_I_O)         0.158     0.158 r  w_data_IBUF[6]_inst/O
                         net (fo=32, routed)          0.419     0.577    mem_reg_832_895_6_8/DIA
    SLICE_X2Y110         RAMD64E                                      r  mem_reg_832_895_6_8/RAMA/I
  -------------------------------------------------------------------    -------------------

Slack:                    inf
  Source:                 w_data[7]
                            (input port)
  Destination:            mem_reg_320_383_6_8/RAMB/I
  Path Group:             (none)
  Path Type:              Min at Fast Process Corner
  Data Path Delay:        0.600ns  (logic 0.170ns (28.325%)  route 0.430ns (71.675%))
  Logic Levels:           1  (IBUF=1)

    Location             Delay type                Incr(ns)  Path(ns)    Netlist Resource(s)
  -------------------------------------------------------------------    -------------------
    P17                                               0.000     0.000 r  w_data[7] (IN)
                         net (fo=0)                   0.000     0.000    w_data[7]
    P17                  IBUF (Prop_ibuf_I_O)         0.170     0.170 r  w_data_IBUF[7]_inst/O
                         net (fo=32, routed)          0.430     0.600    mem_reg_320_383_6_8/DIB
    SLICE_X6Y107         RAMD64E                                      r  mem_reg_320_383_6_8/RAMB/I
  -------------------------------------------------------------------    -------------------

Slack:                    inf
  Source:                 w_data[8]
                            (input port)
  Destination:            mem_reg_192_255_6_8/RAMC/I
  Path Group:             (none)
  Path Type:              Min at Fast Process Corner
  Data Path Delay:        0.608ns  (logic 0.168ns (27.630%)  route 0.440ns (72.370%))
  Logic Levels:           1  (IBUF=1)

    Location             Delay type                Incr(ns)  Path(ns)    Netlist Resource(s)
  -------------------------------------------------------------------    -------------------
    N17                                               0.000     0.000 r  w_data[8] (IN)
                         net (fo=0)                   0.000     0.000    w_data[8]
    N17                  IBUF (Prop_ibuf_I_O)         0.168     0.168 r  w_data_IBUF[8]_inst/O
                         net (fo=32, routed)          0.440     0.608    mem_reg_192_255_6_8/DIC
    SLICE_X6Y108         RAMD64E                                      r  mem_reg_192_255_6_8/RAMC/I
  -------------------------------------------------------------------    -------------------

Slack:                    inf
  Source:                 w_data[6]
                            (input port)
  Destination:            mem_reg_128_191_6_8/RAMA/I
  Path Group:             (none)
  Path Type:              Min at Fast Process Corner
  Data Path Delay:        0.610ns  (logic 0.158ns (25.877%)  route 0.452ns (74.123%))
  Logic Levels:           1  (IBUF=1)

    Location             Delay type                Incr(ns)  Path(ns)    Netlist Resource(s)
  -------------------------------------------------------------------    -------------------
    P15                                               0.000     0.000 r  w_data[6] (IN)
                         net (fo=0)                   0.000     0.000    w_data[6]
    P15                  IBUF (Prop_ibuf_I_O)         0.158     0.158 r  w_data_IBUF[6]_inst/O
                         net (fo=32, routed)          0.452     0.610    mem_reg_128_191_6_8/DIA
    SLICE_X6Y104         RAMD64E                                      r  mem_reg_128_191_6_8/RAMA/I
  -------------------------------------------------------------------    -------------------

Slack:                    inf
  Source:                 w_data[8]
                            (input port)
  Destination:            mem_reg_320_383_6_8/RAMC/I
  Path Group:             (none)
  Path Type:              Min at Fast Process Corner
  Data Path Delay:        0.613ns  (logic 0.168ns (27.377%)  route 0.445ns (72.623%))
  Logic Levels:           1  (IBUF=1)

    Location             Delay type                Incr(ns)  Path(ns)    Netlist Resource(s)
  -------------------------------------------------------------------    -------------------
    N17                                               0.000     0.000 r  w_data[8] (IN)
                         net (fo=0)                   0.000     0.000    w_data[8]
    N17                  IBUF (Prop_ibuf_I_O)         0.168     0.168 r  w_data_IBUF[8]_inst/O
                         net (fo=32, routed)          0.445     0.613    mem_reg_320_383_6_8/DIC
    SLICE_X6Y107         RAMD64E                                      r  mem_reg_320_383_6_8/RAMC/I
  -------------------------------------------------------------------    -------------------

Slack:                    inf
  Source:                 w_data[8]
                            (input port)
  Destination:            mem_reg_832_895_6_8/RAMC/I
  Path Group:             (none)
  Path Type:              Min at Fast Process Corner
  Data Path Delay:        0.625ns  (logic 0.168ns (26.868%)  route 0.457ns (73.132%))
  Logic Levels:           1  (IBUF=1)

    Location             Delay type                Incr(ns)  Path(ns)    Netlist Resource(s)
  -------------------------------------------------------------------    -------------------
    N17                                               0.000     0.000 r  w_data[8] (IN)
                         net (fo=0)                   0.000     0.000    w_data[8]
    N17                  IBUF (Prop_ibuf_I_O)         0.168     0.168 r  w_data_IBUF[8]_inst/O
                         net (fo=32, routed)          0.457     0.625    mem_reg_832_895_6_8/DIC
    SLICE_X2Y110         RAMD64E                                      r  mem_reg_832_895_6_8/RAMC/I
  -------------------------------------------------------------------    -------------------

Slack:                    inf
  Source:                 w_data[12]
                            (input port)
  Destination:            mem_reg_960_1023_12_14/RAMA/I
  Path Group:             (none)
  Path Type:              Min at Fast Process Corner
  Data Path Delay:        0.628ns  (logic 0.169ns (26.963%)  route 0.458ns (73.037%))
  Logic Levels:           1  (IBUF=1)

    Location             Delay type                Incr(ns)  Path(ns)    Netlist Resource(s)
  -------------------------------------------------------------------    -------------------
    P14                                               0.000     0.000 r  w_data[12] (IN)
                         net (fo=0)                   0.000     0.000    w_data[12]
    P14                  IBUF (Prop_ibuf_I_O)         0.169     0.169 r  w_data_IBUF[12]_inst/O
                         net (fo=32, routed)          0.458     0.628    mem_reg_960_1023_12_14/DIA
    SLICE_X6Y113         RAMD64E                                      r  mem_reg_960_1023_12_14/RAMA/I
  -------------------------------------------------------------------    -------------------





